Building web
Step 1/17 : FROM ubuntu
 ---> 27941809078c
Step 2/17 : WORKDIR /usr/app/src/app
 ---> Using cache
 ---> 948070d2c5ae
Step 3/17 : COPY package*.json ./
 ---> Using cache
 ---> a2b1043e9cfc
Step 4/17 : RUN apt-get update && apt-get install -y curl
 ---> Using cache
 ---> b7b48ed211c1
Step 5/17 : RUN apt install -y   curl
 ---> Using cache
 ---> a0fd18d50085
Step 6/17 : RUN apt install -y   bash
 ---> Using cache
 ---> 552f126d2804
Step 7/17 : RUN apt install -y   software-properties-common
 ---> Using cache
 ---> d8b7ce5ff1d2
Step 8/17 : RUN apt install -y   snapd
 ---> Using cache
 ---> 3ceabb0c5868
Step 9/17 : RUN apt install -y   nodejs
 ---> Using cache
 ---> 35f0a4f0a6b5
Step 10/17 : RUN apt install -y   npm
 ---> Using cache
 ---> e37c78c4245b
Step 11/17 : RUN npm install -g bower
 ---> Using cache
 ---> 7af1fc8142a1
Step 12/17 : RUN echo "Node: " && node -v
 ---> Using cache
 ---> ed9fc664c17d
Step 13/17 : RUN echo "NPM: " && npm -v
 ---> Using cache
 ---> 1720555d9de9
Step 14/17 : RUN npm install
 ---> Using cache
 ---> 71eea7ec0e94
Step 15/17 : COPY . .
 ---> Using cache
 ---> 9359cc08e059
Step 16/17 : EXPOSE 8080
 ---> Using cache
 ---> 3d07cd9d02aa
Step 17/17 : CMD [ "node", "server.js" ]
 ---> Using cache
 ---> 598d1388a827
Successfully built 598d1388a827
Successfully tagged dockercompose_web:latest
Starting dockercompose_web_1_265330b3ee71 ... 
Starting dockercompose_redis_1_37d0732d2a57 ... 
Starting dockercompose_nginx_1_fe9fc31f7ebb ... 
[3A[2KStarting dockercompose_web_1_265330b3ee71   ... [32mdone[0m[3B[2A[2KStarting dockercompose_redis_1_37d0732d2a57 ... [32mdone[0m[2B[1A[2KStarting dockercompose_nginx_1_fe9fc31f7ebb ... [32mdone[0m[1BAttaching to dockercompose_web_1_265330b3ee71, dockercompose_redis_1_37d0732d2a57, dockercompose_nginx_1_fe9fc31f7ebb
[33mredis_1_37d0732d2a57 |[0m [1] 04 Jul 09:26:58.332 # Warning: no config file specified, using the default config. In order to specify a config file use redis-server /path/to/redis.conf
[33mredis_1_37d0732d2a57 |[0m                 _._                                                  
[33mredis_1_37d0732d2a57 |[0m            _.-``__ ''-._                                             
[33mredis_1_37d0732d2a57 |[0m       _.-``    `.  `_.  ''-._           Redis 2.8.23 (00000000/0) 64 bit
[33mredis_1_37d0732d2a57 |[0m   .-`` .-```.  ```\/    _.,_ ''-._                                   
[33mredis_1_37d0732d2a57 |[0m  (    '      ,       .-`  | `,    )     Running in stand alone mode
[33mredis_1_37d0732d2a57 |[0m  |`-._`-...-` __...-.``-._|'` _.-'|     Port: 6379
[33mredis_1_37d0732d2a57 |[0m  |    `-._   `._    /     _.-'    |     PID: 1
[33mredis_1_37d0732d2a57 |[0m   `-._    `-._  `-./  _.-'    _.-'                                   
[33mredis_1_37d0732d2a57 |[0m  |`-._`-._    `-.__.-'    _.-'_.-'|                                  
[33mredis_1_37d0732d2a57 |[0m  |    `-._`-._        _.-'_.-'    |           http://redis.io        
[33mredis_1_37d0732d2a57 |[0m   `-._    `-._`-.__.-'_.-'    _.-'                                   
[33mredis_1_37d0732d2a57 |[0m  |`-._`-._    `-.__.-'    _.-'_.-'|                                  
[33mredis_1_37d0732d2a57 |[0m  |    `-._`-._        _.-'_.-'    |                                  
[33mredis_1_37d0732d2a57 |[0m   `-._    `-._`-.__.-'_.-'    _.-'                                   
[33mredis_1_37d0732d2a57 |[0m       `-._    `-.__.-'    _.-'                                       
[33mredis_1_37d0732d2a57 |[0m           `-._        _.-'                                           
[33mredis_1_37d0732d2a57 |[0m               `-.__.-'                                               
[33mredis_1_37d0732d2a57 |[0m 
[33mredis_1_37d0732d2a57 |[0m [1] 04 Jul 09:26:58.344 # Server started, Redis version 2.8.23
[33mredis_1_37d0732d2a57 |[0m [1] 04 Jul 09:26:58.344 # WARNING overcommit_memory is set to 0! Background save may fail under low memory condition. To fix this issue add 'vm.overcommit_memory = 1' to /etc/sysctl.conf and then reboot or run the command 'sysctl vm.overcommit_memory=1' for this to take effect.
[33mredis_1_37d0732d2a57 |[0m [1] 04 Jul 09:26:58.344 # WARNING you have Transparent Huge Pages (THP) support enabled in your kernel. This will create latency and memory usage issues with Redis. To fix this issue run the command 'echo never > /sys/kernel/mm/transparent_hugepage/enabled' as root, and add it to your /etc/rc.local in order to retain the setting after a reboot. Redis must be restarted after THP is disabled.
[33mredis_1_37d0732d2a57 |[0m [1] 04 Jul 09:26:58.344 * The server is now ready to accept connections on port 6379
[32mnginx_1_fe9fc31f7ebb |[0m /docker-entrypoint.sh: /docker-entrypoint.d/ is not empty, will attempt to perform configuration
[32mnginx_1_fe9fc31f7ebb |[0m /docker-entrypoint.sh: Looking for shell scripts in /docker-entrypoint.d/
[32mnginx_1_fe9fc31f7ebb |[0m /docker-entrypoint.sh: Launching /docker-entrypoint.d/10-listen-on-ipv6-by-default.sh
[32mnginx_1_fe9fc31f7ebb |[0m 10-listen-on-ipv6-by-default.sh: info: Getting the checksum of /etc/nginx/conf.d/default.conf
[32mnginx_1_fe9fc31f7ebb |[0m 10-listen-on-ipv6-by-default.sh: info: Enabled listen on IPv6 in /etc/nginx/conf.d/default.conf
[32mnginx_1_fe9fc31f7ebb |[0m /docker-entrypoint.sh: Launching /docker-entrypoint.d/20-envsubst-on-templates.sh
[32mnginx_1_fe9fc31f7ebb |[0m /docker-entrypoint.sh: Launching /docker-entrypoint.d/30-tune-worker-processes.sh
[32mnginx_1_fe9fc31f7ebb |[0m /docker-entrypoint.sh: Configuration complete; ready for start up
[32mnginx_1_fe9fc31f7ebb |[0m 2022/07/04 09:26:58 [notice] 1#1: using the "epoll" event method
[32mnginx_1_fe9fc31f7ebb |[0m 2022/07/04 09:26:58 [notice] 1#1: nginx/1.23.0
[32mnginx_1_fe9fc31f7ebb |[0m 2022/07/04 09:26:58 [notice] 1#1: built by gcc 10.2.1 20210110 (Debian 10.2.1-6) 
[32mnginx_1_fe9fc31f7ebb |[0m 2022/07/04 09:26:58 [notice] 1#1: OS: Linux 5.10.0-9-amd64
[32mnginx_1_fe9fc31f7ebb |[0m 2022/07/04 09:26:58 [notice] 1#1: getrlimit(RLIMIT_NOFILE): 1048576:1048576
[32mnginx_1_fe9fc31f7ebb |[0m 2022/07/04 09:26:58 [notice] 1#1: start worker processes
[32mnginx_1_fe9fc31f7ebb |[0m 2022/07/04 09:26:58 [notice] 1#1: start worker process 30
[32mnginx_1_fe9fc31f7ebb |[0m 2022/07/04 09:26:58 [notice] 1#1: start worker process 31
[32mnginx_1_fe9fc31f7ebb |[0m 2022/07/04 09:26:58 [notice] 1#1: start worker process 32
[32mnginx_1_fe9fc31f7ebb |[0m 2022/07/04 09:26:58 [notice] 1#1: start worker process 33
[32mnginx_1_fe9fc31f7ebb |[0m 2022/07/04 09:26:58 [notice] 1#1: start worker process 34
[32mnginx_1_fe9fc31f7ebb |[0m 2022/07/04 09:26:58 [notice] 1#1: start worker process 35
[32mnginx_1_fe9fc31f7ebb |[0m 2022/07/04 09:26:58 [notice] 1#1: start worker process 36
[32mnginx_1_fe9fc31f7ebb |[0m 2022/07/04 09:26:58 [notice] 1#1: start worker process 37
[32mnginx_1_fe9fc31f7ebb |[0m 2022/07/04 09:26:58 [notice] 1#1: start worker process 38
[32mnginx_1_fe9fc31f7ebb |[0m 2022/07/04 09:26:58 [notice] 1#1: start worker process 39
[32mnginx_1_fe9fc31f7ebb |[0m 2022/07/04 09:26:58 [notice] 1#1: start worker process 40
[32mnginx_1_fe9fc31f7ebb |[0m 2022/07/04 09:26:58 [notice] 1#1: start worker process 41
[36mweb_1_265330b3ee71 |[0m bower ESUDO         Please do not run with sudo
[36mweb_1_265330b3ee71 |[0m 
[36mweb_1_265330b3ee71 |[0m Additional error details:
[36mweb_1_265330b3ee71 |[0m Since bower is a user command, there is no need to execute it with superuser permissions.
[36mweb_1_265330b3ee71 |[0m If you're having permission errors when using bower without sudo, please spend a few minutes learning more about how your system should work and make any necessary repairs.
[36mweb_1_265330b3ee71 |[0m 
[36mweb_1_265330b3ee71 |[0m http://www.joyent.com/blog/installing-node-and-npm
[36mweb_1_265330b3ee71 |[0m https://gist.github.com/isaacs/579814
[36mweb_1_265330b3ee71 |[0m 
[36mweb_1_265330b3ee71 |[0m You can however run a command with sudo using "--allow-root" option
[36mweb_1_265330b3ee71 |[0m bower                           ENOENT No bower.json present
[36mdockercompose_web_1_265330b3ee71 exited with code 1
[0m